Compiled jquery.js  (18ms)  (pid 8565)
Compiled jquery_ujs.js  (0ms)  (pid 8565)
Compiled twitter/bootstrap/bootstrap-transition.js  (0ms)  (pid 8565)
Compiled twitter/bootstrap/bootstrap-alert.js  (0ms)  (pid 8565)
Compiled twitter/bootstrap/bootstrap-modal.js  (0ms)  (pid 8565)
Compiled twitter/bootstrap/bootstrap-dropdown.js  (0ms)  (pid 8565)
Compiled twitter/bootstrap/bootstrap-scrollspy.js  (0ms)  (pid 8565)
Compiled twitter/bootstrap/bootstrap-tab.js  (0ms)  (pid 8565)
Compiled twitter/bootstrap/bootstrap-tooltip.js  (0ms)  (pid 8565)
Compiled twitter/bootstrap/bootstrap-popover.js  (0ms)  (pid 8565)
Compiled twitter/bootstrap/bootstrap-button.js  (0ms)  (pid 8565)
Compiled twitter/bootstrap/bootstrap-collapse.js  (0ms)  (pid 8565)
Compiled twitter/bootstrap/bootstrap-carousel.js  (0ms)  (pid 8565)
Compiled twitter/bootstrap/bootstrap-typeahead.js  (0ms)  (pid 8565)
Compiled twitter/bootstrap/bootstrap-affix.js  (0ms)  (pid 8565)
Compiled twitter/bootstrap.js  (76ms)  (pid 8565)
Compiled bootstrap.js  (55ms)  (pid 8565)
Compiled locations.js  (0ms)  (pid 8565)
Compiled application.js  (193ms)  (pid 8565)
Compiled bootstrap_and_overrides.css  (519ms)  (pid 8565)
Compiled application.css  (524ms)  (pid 8565)
Compiled jquery.js  (1ms)  (pid 8565)
Compiled jquery_ujs.js  (0ms)  (pid 8565)
Compiled twitter/bootstrap/bootstrap-transition.js  (0ms)  (pid 8565)
Compiled twitter/bootstrap/bootstrap-alert.js  (0ms)  (pid 8565)
Compiled twitter/bootstrap/bootstrap-modal.js  (0ms)  (pid 8565)
Compiled twitter/bootstrap/bootstrap-dropdown.js  (0ms)  (pid 8565)
Compiled twitter/bootstrap/bootstrap-scrollspy.js  (0ms)  (pid 8565)
Compiled twitter/bootstrap/bootstrap-tab.js  (0ms)  (pid 8565)
Compiled twitter/bootstrap/bootstrap-tooltip.js  (19ms)  (pid 8565)
Compiled twitter/bootstrap/bootstrap-popover.js  (0ms)  (pid 8565)
Compiled twitter/bootstrap/bootstrap-button.js  (0ms)  (pid 8565)
Compiled twitter/bootstrap/bootstrap-collapse.js  (0ms)  (pid 8565)
Compiled twitter/bootstrap/bootstrap-carousel.js  (0ms)  (pid 8565)
Compiled twitter/bootstrap/bootstrap-typeahead.js  (0ms)  (pid 8565)
Compiled twitter/bootstrap/bootstrap-affix.js  (0ms)  (pid 8565)
Compiled twitter/bootstrap.js  (71ms)  (pid 8565)
Compiled bootstrap.js  (55ms)  (pid 8565)
Compiled locations.js  (0ms)  (pid 8565)
Compiled application.js  (165ms)  (pid 8565)
Compiled bootstrap_and_overrides.css  (488ms)  (pid 8565)
Compiled application.css  (529ms)  (pid 8565)
